<?xml version="1.0" encoding="UTF-8"?>
<!-- Generated by org.testng.reporters.JUnitXMLReporter -->
<testsuite ignored="0" hostname="SomanjanPC" failures="2" tests="9" name="FirefoxTest" time="189.407" errors="0" timestamp="2026-08-13T03:51:02 IST">
  <testcase classname="com.creatio.crm.application.tests.ApplicationTest" name="verifyLoginPageUI" time="2.189"/>
  <testcase classname="com.creatio.crm.application.tests.ApplicationTest" name="verifyCookieDialogContentAndTabs" time="2.385"/>
  <testcase classname="com.creatio.crm.application.tests.ApplicationTest" name="verifyCookiePopUpAndPrivacyPolicyNavigation" time="17.811">
    <failure type="org.openqa.selenium.TimeoutException" message="Expected condition failed: waiting for visibility of Proxy element for: DefaultElementLocator &amp;apos;By.xpath: //div[@class=&amp;apos;agreements&amp;apos;]//h1&amp;apos;
(tried for 10 seconds with 500 milliseconds interval)">
      <![CDATA[org.openqa.selenium.TimeoutException: Expected condition failed: waiting for visibility of Proxy element for: DefaultElementLocator 'By.xpath: //div[@class='agreements']//h1'
(tried for 10 seconds with 500 milliseconds interval)
at org.openqa.selenium.support.ui.WebDriverWait.timeoutException(WebDriverWait.java:85)
at org.openqa.selenium.support.ui.FluentWait.until(FluentWait.java:234)
at com.creatio.crm.framework.web.commons.WebCommons.waitForElementToBeVisible(WebCommons.java:153)
at com.creatio.crm.application.steps.PrivacyPolicyPageSteps.verifyPageLoaded(PrivacyPolicyPageSteps.java:21)
at com.creatio.crm.application.tests.ApplicationTest.verifyCookiePopUpAndPrivacyPolicyNavigation(ApplicationTest.java:41)
at java.base/java.util.ArrayList.forEach(ArrayList.java:1511)
at java.base/java.util.concurrent.FutureTask.run(FutureTask.java:264)
at java.base/java.util.concurrent.ThreadPoolExecutor.runWorker(ThreadPoolExecutor.java:1136)
at java.base/java.util.concurrent.ThreadPoolExecutor$Worker.run(ThreadPoolExecutor.java:635)
at java.base/java.lang.Thread.run(Thread.java:842)
Caused by: org.openqa.selenium.NoSuchElementException: Unable to locate element: //div[@class='agreements']//h1
For documentation on this error, please visit: https://www.selenium.dev/documentation/webdriver/troubleshooting/errors#nosuchelementexception
Build info: version: '4.43.0', revision: 'dd0f534'
System info: os.name: 'Windows 11', os.arch: 'amd64', os.version: '10.0', java.version: '17.0.12'
Driver info: org.openqa.selenium.firefox.FirefoxDriver
Command: [f7bde5bd-4bef-44ae-8091-8d9cad43e534, findElement {value=//div[@class='agreements']//h1, using=xpath}]
Capabilities {acceptInsecureCerts: true, browserName: firefox, browserVersion: 153.0.4, moz:accessibilityChecks: false, moz:buildID: 20260810162159, moz:geckodriverVersion: 0.37.1, moz:headless: false, moz:platformVersion: 10.0, moz:processID: 26024, moz:profile: C:\Users\SOMANJ~1\AppData\L..., moz:shutdownTimeout: 60000, moz:webdriverClick: true, moz:windowless: false, pageLoadStrategy: normal, platformName: windows, proxy: Proxy(), setWindowRect: true, strictFileInteractability: false, timeouts: {implicit: 0, pageLoad: 300000, script: 30000}, unhandledPromptBehavior: dismiss and notify, userAgent: Mozilla/5.0 (Windows NT 10....}
Session ID: f7bde5bd-4bef-44ae-8091-8d9cad43e534
at org.openqa.selenium.remote.ErrorCodec.decode(ErrorCodec.java:169)
at org.openqa.selenium.remote.codec.w3c.W3CHttpResponseCodec.decode(W3CHttpResponseCodec.java:142)
at org.openqa.selenium.remote.codec.w3c.W3CHttpResponseCodec.decode(W3CHttpResponseCodec.java:49)
at org.openqa.selenium.remote.HttpCommandExecutor.execute(HttpCommandExecutor.java:223)
at org.openqa.selenium.remote.service.DriverCommandExecutor.invokeExecute(DriverCommandExecutor.java:216)
at org.openqa.selenium.remote.service.DriverCommandExecutor.execute(DriverCommandExecutor.java:174)
at org.openqa.selenium.remote.RemoteWebDriver.execute(RemoteWebDriver.java:606)
at org.openqa.selenium.remote.ElementLocation$ElementFinder$2.findElement(ElementLocation.java:166)
at org.openqa.selenium.remote.ElementLocation.findElement(ElementLocation.java:60)
at org.openqa.selenium.remote.RemoteWebDriver.findElement(RemoteWebDriver.java:429)
at org.openqa.selenium.remote.RemoteWebDriver.findElement(RemoteWebDriver.java:423)
at org.openqa.selenium.support.pagefactory.DefaultElementLocator.findElement(DefaultElementLocator.java:68)
at org.openqa.selenium.support.pagefactory.internal.LocatingElementHandler.invoke(LocatingElementHandler.java:38)
at jdk.proxy2/jdk.proxy2.$Proxy18.isDisplayed(Unknown Source)
at org.openqa.selenium.support.ui.ExpectedConditions.elementIfVisible(ExpectedConditions.java:365)
at org.openqa.selenium.support.ui.ExpectedConditions$10.apply(ExpectedConditions.java:351)
at org.openqa.selenium.support.ui.ExpectedConditions$10.apply(ExpectedConditions.java:348)
at org.openqa.selenium.support.ui.FluentWait.until(FluentWait.java:210)
... 25 more
... Removed 17 stack frames]]>
    </failure>
  </testcase> <!-- verifyCookiePopUpAndPrivacyPolicyNavigation -->
  <testcase classname="com.creatio.crm.application.tests.ApplicationTest" name="verifyPasswordRecoveryNavigation" time="2.19"/>
  <testcase classname="com.creatio.crm.application.tests.ApplicationTest" name="verifyCookiesPopupDismissWhenUserAcceptCookies" time="4.373"/>
  <testcase classname="com.creatio.crm.application.tests.ApplicationTest" name="verifyApplicationSignUp" time="116.244">
    <failure type="org.openqa.selenium.WebDriverException" message="Failed to decode response from marionette
Build info: version: &amp;apos;4.43.0&amp;apos;, revision: &amp;apos;dd0f534&amp;apos;
System info: os.name: &amp;apos;Windows 11&amp;apos;, os.arch: &amp;apos;amd64&amp;apos;, os.version: &amp;apos;10.0&amp;apos;, java.version: &amp;apos;17.0.12&amp;apos;
Driver info: org.openqa.selenium.firefox.FirefoxDriver
Command: [7a6cbe0b-a0d6-4280-8500-cd7e3bff3653, findElement {value=//div[@id=&amp;apos;CybotCookiebotDialogBodyContentTitle&amp;apos;], using=xpath}]
Capabilities {acceptInsecureCerts: true, browserName: firefox, browserVersion: 153.0.4, moz:accessibilityChecks: false, moz:buildID: 20260810162159, moz:geckodriverVersion: 0.37.1, moz:headless: false, moz:platformVersion: 10.0, moz:processID: 24608, moz:profile: C:\Users\SOMANJ~1\AppData\L..., moz:shutdownTimeout: 60000, moz:webdriverClick: true, moz:windowless: false, pageLoadStrategy: normal, platformName: windows, proxy: Proxy(), setWindowRect: true, strictFileInteractability: false, timeouts: {implicit: 0, pageLoad: 300000, script: 30000}, unhandledPromptBehavior: dismiss and notify, userAgent: Mozilla/5.0 (Windows NT 10....}
Session ID: 7a6cbe0b-a0d6-4280-8500-cd7e3bff3653">
      <![CDATA[org.openqa.selenium.WebDriverException: Failed to decode response from marionette
Build info: version: '4.43.0', revision: 'dd0f534'
System info: os.name: 'Windows 11', os.arch: 'amd64', os.version: '10.0', java.version: '17.0.12'
Driver info: org.openqa.selenium.firefox.FirefoxDriver
Command: [7a6cbe0b-a0d6-4280-8500-cd7e3bff3653, findElement {value=//div[@id='CybotCookiebotDialogBodyContentTitle'], using=xpath}]
Capabilities {acceptInsecureCerts: true, browserName: firefox, browserVersion: 153.0.4, moz:accessibilityChecks: false, moz:buildID: 20260810162159, moz:geckodriverVersion: 0.37.1, moz:headless: false, moz:platformVersion: 10.0, moz:processID: 24608, moz:profile: C:\Users\SOMANJ~1\AppData\L..., moz:shutdownTimeout: 60000, moz:webdriverClick: true, moz:windowless: false, pageLoadStrategy: normal, platformName: windows, proxy: Proxy(), setWindowRect: true, strictFileInteractability: false, timeouts: {implicit: 0, pageLoad: 300000, script: 30000}, unhandledPromptBehavior: dismiss and notify, userAgent: Mozilla/5.0 (Windows NT 10....}
Session ID: 7a6cbe0b-a0d6-4280-8500-cd7e3bff3653
at org.openqa.selenium.remote.ErrorCodec.decode(ErrorCodec.java:169)
at org.openqa.selenium.remote.codec.w3c.W3CHttpResponseCodec.decode(W3CHttpResponseCodec.java:142)
at org.openqa.selenium.remote.codec.w3c.W3CHttpResponseCodec.decode(W3CHttpResponseCodec.java:49)
at org.openqa.selenium.remote.HttpCommandExecutor.execute(HttpCommandExecutor.java:223)
at org.openqa.selenium.remote.service.DriverCommandExecutor.invokeExecute(DriverCommandExecutor.java:216)
at org.openqa.selenium.remote.service.DriverCommandExecutor.execute(DriverCommandExecutor.java:174)
at org.openqa.selenium.remote.RemoteWebDriver.execute(RemoteWebDriver.java:606)
at org.openqa.selenium.remote.ElementLocation$ElementFinder$2.findElement(ElementLocation.java:166)
at org.openqa.selenium.remote.ElementLocation.findElement(ElementLocation.java:60)
at org.openqa.selenium.remote.RemoteWebDriver.findElement(RemoteWebDriver.java:429)
at org.openqa.selenium.remote.RemoteWebDriver.findElement(RemoteWebDriver.java:423)
at org.openqa.selenium.support.pagefactory.DefaultElementLocator.findElement(DefaultElementLocator.java:68)
at org.openqa.selenium.support.pagefactory.internal.LocatingElementHandler.invoke(LocatingElementHandler.java:38)
at jdk.proxy2/jdk.proxy2.$Proxy18.isDisplayed(Unknown Source)
at org.openqa.selenium.support.ui.ExpectedConditions.elementIfVisible(ExpectedConditions.java:365)
at org.openqa.selenium.support.ui.ExpectedConditions$10.apply(ExpectedConditions.java:351)
at org.openqa.selenium.support.ui.ExpectedConditions$10.apply(ExpectedConditions.java:348)
at org.openqa.selenium.support.ui.FluentWait.until(FluentWait.java:210)
at com.creatio.crm.framework.web.commons.WebCommons.waitForElementToBeVisible(WebCommons.java:153)
at com.creatio.crm.application.steps.CookiePageSteps.verifyCookieDialogTitle(CookiePageSteps.java:22)
at com.creatio.crm.application.tests.ApplicationTest.verifyApplicationSignUp(ApplicationTest.java:73)
at java.base/java.util.ArrayList.forEach(ArrayList.java:1511)
at java.base/java.util.concurrent.FutureTask.run(FutureTask.java:264)
at java.base/java.util.concurrent.ThreadPoolExecutor.runWorker(ThreadPoolExecutor.java:1136)
at java.base/java.util.concurrent.ThreadPoolExecutor$Worker.run(ThreadPoolExecutor.java:635)
at java.base/java.lang.Thread.run(Thread.java:842)
... Removed 17 stack frames]]>
    </failure>
  </testcase> <!-- verifyApplicationSignUp -->
  <testcase classname="com.creatio.crm.application.tests.ApplicationTest" name="verifySuccessulApplicationLogin" time="0.0">
    <skipped/>
  </testcase> <!-- verifySuccessulApplicationLogin -->
  <testcase classname="com.creatio.crm.application.tests.ApplicationTest" name="verifyInvalidApplicationLogin" time="0.001">
    <skipped/>
  </testcase> <!-- verifyInvalidApplicationLogin -->
  <testcase classname="com.creatio.crm.application.tests.ApplicationTest" name="verifyInvalidApplicationLogin" time="0.0">
    <skipped/>
  </testcase> <!-- verifyInvalidApplicationLogin -->
</testsuite> <!-- FirefoxTest -->
