<?xml version="1.0" encoding="UTF-8"?>
<!-- Generated by org.testng.reporters.JUnitXMLReporter -->
<testsuite ignored="0" hostname="SomanjanPC" failures="0" tests="9" name="Test" time="13.007" errors="0" timestamp="2026-08-20T14:26:40 IST">
  <testcase classname="com.creatio.crm.api.tests.RepositoryApiTest" name="verifyNoRepositoryBeforeCreatingForAuthenticatedUser" time="2.776"/>
  <testcase classname="com.creatio.crm.api.tests.RepositoryApiTest" name="verifyForCreatingRepositoryForAuthenticatedUser" time="2.888"/>
  <testcase classname="com.creatio.crm.api.tests.RepositoryApiTest" name="verifyForCreatingDuplicateRepositoryForAuthenticatedUser" time="0.766"/>
  <testcase classname="com.creatio.crm.api.tests.RepositoryApiTest" name="verifyForCreatingRepositoryForUnauthenticatedUser" time="0.605"/>
  <testcase classname="com.creatio.crm.api.tests.RepositoryApiTest" name="verifyGettingRepositoryWhichExistsForAuthenticatedUser" time="0.696"/>
  <testcase classname="com.creatio.crm.api.tests.RepositoryApiTest" name="verifyUpdatingVisibilityToPublic" time="0.645"/>
  <testcase classname="com.creatio.crm.api.tests.RepositoryApiTest" name="verifyUpdatingNameAndDescription" time="0.983"/>
  <testcase classname="com.creatio.crm.api.tests.RepositoryApiTest" name="verifyGettingRenamedRepository" time="0.645"/>
  <testcase classname="com.creatio.crm.api.tests.RepositoryApiTest" name="verifyDeletingRepositoryForAuthenticatedUser" time="2.925"/>
</testsuite> <!-- Test -->
