<?xml version="1.0" encoding="UTF-8"?>
<testng-results ignored="0" total="9" passed="9" failed="0" skipped="0">
  <reporter-output>
  </reporter-output>
  <suite started-at="2026-08-13T01:56:50 IST" name="Suite" finished-at="2026-08-13T01:58:48 IST" duration-ms="118024">
    <groups>
    </groups>
    <test started-at="2026-08-13T01:56:50 IST" name="CreatioCRMChromeTestNGE2E" finished-at="2026-08-13T01:58:48 IST" duration-ms="118024">
      <class name="com.creatio.crm.application.tests.ApplicationTest">
        <test-method is-config="true" signature="setupPrinting(java.lang.String)[pri:0, instance:com.creatio.crm.application.tests.ApplicationTest@1d296da]" started-at="2026-08-13T01:56:50 IST" name="setupPrinting" finished-at="2026-08-13T01:56:50 IST" duration-ms="217" status="PASS">
          <params>
            <param index="0">
              <value>
                <![CDATA[CreatioCRMChromeTestNGE2E.html]]>
              </value>
            </param>
          </params>
          <reporter-output>
          </reporter-output>
        </test-method> <!-- setupPrinting -->
        <test-method is-config="true" signature="setupBrowser(java.lang.String)[pri:0, instance:com.creatio.crm.application.tests.ApplicationTest@1d296da]" started-at="2026-08-13T01:56:50 IST" name="setupBrowser" finished-at="2026-08-13T01:56:51 IST" duration-ms="1359" status="PASS">
          <params>
            <param index="0">
              <value>
                <![CDATA[Chrome]]>
              </value>
            </param>
          </params>
          <reporter-output>
          </reporter-output>
        </test-method> <!-- setupBrowser -->
        <test-method is-config="true" signature="initDriver()[pri:0, instance:com.creatio.crm.application.tests.ApplicationTest@1d296da]" started-at="2026-08-13T01:56:51 IST" name="initDriver" finished-at="2026-08-13T01:56:51 IST" depends-on-methods="com.creatio.crm.framework.base.BasePage.setupBrowser" duration-ms="42" status="PASS">
          <reporter-output>
          </reporter-output>
        </test-method> <!-- initDriver -->
        <test-method signature="verifyLoginPageUI()[pri:1, instance:com.creatio.crm.application.tests.ApplicationTest@1d296da]" started-at="2026-08-13T01:56:51 IST" name="verifyLoginPageUI" description="Verify Login page default UI elements and headers" finished-at="2026-08-13T01:56:54 IST" duration-ms="2601" status="PASS">
          <reporter-output>
          </reporter-output>
        </test-method> <!-- verifyLoginPageUI -->
        <test-method is-config="true" signature="teardownBrowser()[pri:0, instance:com.creatio.crm.application.tests.ApplicationTest@1d296da]" started-at="2026-08-13T01:56:54 IST" name="teardownBrowser" finished-at="2026-08-13T01:56:54 IST" duration-ms="227" status="PASS">
          <reporter-output>
          </reporter-output>
        </test-method> <!-- teardownBrowser -->
        <test-method is-config="true" signature="setupBrowser(java.lang.String)[pri:0, instance:com.creatio.crm.application.tests.ApplicationTest@1d296da]" started-at="2026-08-13T01:56:54 IST" name="setupBrowser" finished-at="2026-08-13T01:56:55 IST" duration-ms="979" status="PASS">
          <params>
            <param index="0">
              <value>
                <![CDATA[Chrome]]>
              </value>
            </param>
          </params>
          <reporter-output>
          </reporter-output>
        </test-method> <!-- setupBrowser -->
        <test-method is-config="true" signature="initDriver()[pri:0, instance:com.creatio.crm.application.tests.ApplicationTest@1d296da]" started-at="2026-08-13T01:56:55 IST" name="initDriver" finished-at="2026-08-13T01:56:55 IST" depends-on-methods="com.creatio.crm.framework.base.BasePage.setupBrowser" duration-ms="8" status="PASS">
          <reporter-output>
          </reporter-output>
        </test-method> <!-- initDriver -->
        <test-method signature="verifyCookieDialogContentAndTabs()[pri:2, instance:com.creatio.crm.application.tests.ApplicationTest@1d296da]" started-at="2026-08-13T01:56:55 IST" name="verifyCookieDialogContentAndTabs" description="Verify Cookie dialog content, details, and tabs" finished-at="2026-08-13T01:56:58 IST" duration-ms="2498" status="PASS">
          <reporter-output>
          </reporter-output>
        </test-method> <!-- verifyCookieDialogContentAndTabs -->
        <test-method is-config="true" signature="teardownBrowser()[pri:0, instance:com.creatio.crm.application.tests.ApplicationTest@1d296da]" started-at="2026-08-13T01:56:58 IST" name="teardownBrowser" finished-at="2026-08-13T01:56:58 IST" duration-ms="196" status="PASS">
          <reporter-output>
          </reporter-output>
        </test-method> <!-- teardownBrowser -->
        <test-method is-config="true" signature="setupBrowser(java.lang.String)[pri:0, instance:com.creatio.crm.application.tests.ApplicationTest@1d296da]" started-at="2026-08-13T01:56:58 IST" name="setupBrowser" finished-at="2026-08-13T01:56:59 IST" duration-ms="892" status="PASS">
          <params>
            <param index="0">
              <value>
                <![CDATA[Chrome]]>
              </value>
            </param>
          </params>
          <reporter-output>
          </reporter-output>
        </test-method> <!-- setupBrowser -->
        <test-method is-config="true" signature="initDriver()[pri:0, instance:com.creatio.crm.application.tests.ApplicationTest@1d296da]" started-at="2026-08-13T01:56:59 IST" name="initDriver" finished-at="2026-08-13T01:56:59 IST" depends-on-methods="com.creatio.crm.framework.base.BasePage.setupBrowser" duration-ms="6" status="PASS">
          <reporter-output>
          </reporter-output>
        </test-method> <!-- initDriver -->
        <test-method signature="verifyCookiePopUpAndPrivacyPolicyNavigation()[pri:3, instance:com.creatio.crm.application.tests.ApplicationTest@1d296da]" started-at="2026-08-13T01:56:59 IST" name="verifyCookiePopUpAndPrivacyPolicyNavigation" description="Verify Privacy Policy navigation from Cookie dialog" finished-at="2026-08-13T01:57:07 IST" depends-on-methods="com.creatio.crm.application.tests.ApplicationTest.verifyLoginPageUI, com.creatio.crm.application.tests.ApplicationTest.verifyCookieDialogContentAndTabs" duration-ms="7866" status="PASS">
          <reporter-output>
          </reporter-output>
        </test-method> <!-- verifyCookiePopUpAndPrivacyPolicyNavigation -->
        <test-method is-config="true" signature="teardownBrowser()[pri:0, instance:com.creatio.crm.application.tests.ApplicationTest@1d296da]" started-at="2026-08-13T01:57:07 IST" name="teardownBrowser" finished-at="2026-08-13T01:57:07 IST" duration-ms="251" status="PASS">
          <reporter-output>
          </reporter-output>
        </test-method> <!-- teardownBrowser -->
        <test-method is-config="true" signature="setupBrowser(java.lang.String)[pri:0, instance:com.creatio.crm.application.tests.ApplicationTest@1d296da]" started-at="2026-08-13T01:57:07 IST" name="setupBrowser" finished-at="2026-08-13T01:57:08 IST" duration-ms="840" status="PASS">
          <params>
            <param index="0">
              <value>
                <![CDATA[Chrome]]>
              </value>
            </param>
          </params>
          <reporter-output>
          </reporter-output>
        </test-method> <!-- setupBrowser -->
        <test-method is-config="true" signature="initDriver()[pri:0, instance:com.creatio.crm.application.tests.ApplicationTest@1d296da]" started-at="2026-08-13T01:57:08 IST" name="initDriver" finished-at="2026-08-13T01:57:08 IST" depends-on-methods="com.creatio.crm.framework.base.BasePage.setupBrowser" duration-ms="4" status="PASS">
          <reporter-output>
          </reporter-output>
        </test-method> <!-- initDriver -->
        <test-method signature="verifyPasswordRecoveryNavigation()[pri:4, instance:com.creatio.crm.application.tests.ApplicationTest@1d296da]" started-at="2026-08-13T01:57:08 IST" name="verifyPasswordRecoveryNavigation" description="Verify Password Recovery page functionality" finished-at="2026-08-13T01:57:11 IST" duration-ms="2913" status="PASS">
          <reporter-output>
          </reporter-output>
        </test-method> <!-- verifyPasswordRecoveryNavigation -->
        <test-method is-config="true" signature="teardownBrowser()[pri:0, instance:com.creatio.crm.application.tests.ApplicationTest@1d296da]" started-at="2026-08-13T01:57:11 IST" name="teardownBrowser" finished-at="2026-08-13T01:57:11 IST" duration-ms="203" status="PASS">
          <reporter-output>
          </reporter-output>
        </test-method> <!-- teardownBrowser -->
        <test-method is-config="true" signature="setupBrowser(java.lang.String)[pri:0, instance:com.creatio.crm.application.tests.ApplicationTest@1d296da]" started-at="2026-08-13T01:57:11 IST" name="setupBrowser" finished-at="2026-08-13T01:57:12 IST" duration-ms="880" status="PASS">
          <params>
            <param index="0">
              <value>
                <![CDATA[Chrome]]>
              </value>
            </param>
          </params>
          <reporter-output>
          </reporter-output>
        </test-method> <!-- setupBrowser -->
        <test-method is-config="true" signature="initDriver()[pri:0, instance:com.creatio.crm.application.tests.ApplicationTest@1d296da]" started-at="2026-08-13T01:57:12 IST" name="initDriver" finished-at="2026-08-13T01:57:12 IST" depends-on-methods="com.creatio.crm.framework.base.BasePage.setupBrowser" duration-ms="5" status="PASS">
          <reporter-output>
          </reporter-output>
        </test-method> <!-- initDriver -->
        <test-method signature="verifyCookiesPopupDismissWhenUserAcceptCookies()[pri:5, instance:com.creatio.crm.application.tests.ApplicationTest@1d296da]" started-at="2026-08-13T01:57:12 IST" name="verifyCookiesPopupDismissWhenUserAcceptCookies" description="Verify Cookie pop-up disappears upon accepting cookies" finished-at="2026-08-13T01:57:15 IST" duration-ms="3277" status="PASS">
          <reporter-output>
          </reporter-output>
        </test-method> <!-- verifyCookiesPopupDismissWhenUserAcceptCookies -->
        <test-method is-config="true" signature="teardownBrowser()[pri:0, instance:com.creatio.crm.application.tests.ApplicationTest@1d296da]" started-at="2026-08-13T01:57:15 IST" name="teardownBrowser" finished-at="2026-08-13T01:57:15 IST" duration-ms="251" status="PASS">
          <reporter-output>
          </reporter-output>
        </test-method> <!-- teardownBrowser -->
        <test-method is-config="true" signature="setupBrowser(java.lang.String)[pri:0, instance:com.creatio.crm.application.tests.ApplicationTest@1d296da]" started-at="2026-08-13T01:57:16 IST" name="setupBrowser" finished-at="2026-08-13T01:57:17 IST" duration-ms="867" status="PASS">
          <params>
            <param index="0">
              <value>
                <![CDATA[Chrome]]>
              </value>
            </param>
          </params>
          <reporter-output>
          </reporter-output>
        </test-method> <!-- setupBrowser -->
        <test-method is-config="true" signature="initDriver()[pri:0, instance:com.creatio.crm.application.tests.ApplicationTest@1d296da]" started-at="2026-08-13T01:57:17 IST" name="initDriver" finished-at="2026-08-13T01:57:17 IST" depends-on-methods="com.creatio.crm.framework.base.BasePage.setupBrowser" duration-ms="4" status="PASS">
          <reporter-output>
          </reporter-output>
        </test-method> <!-- initDriver -->
        <test-method signature="verifyApplicationSignUp(java.lang.String,java.lang.String,java.lang.String,java.lang.String,java.lang.String,java.lang.String,java.lang.String)[pri:6, instance:com.creatio.crm.application.tests.ApplicationTest@1d296da]" started-at="2026-08-13T01:57:17 IST" name="verifyApplicationSignUp" description="Verify Application Sign Up" data-provider="Excel_data" finished-at="2026-08-13T01:57:44 IST" depends-on-methods="com.creatio.crm.application.tests.ApplicationTest.verifyLoginPageUI" duration-ms="27061" status="PASS">
          <params>
            <param index="0">
              <value>
                <![CDATA[Somanjan Pramanik]]>
              </value>
            </param>
            <param index="1">
              <value>
                <![CDATA[#Sp359stark]]>
              </value>
            </param>
            <param index="2">
              <value>
                <![CDATA[somanjan@gmail.com]]>
              </value>
            </param>
            <param index="3">
              <value>
                <![CDATA[sp369]]>
              </value>
            </param>
            <param index="4">
              <value>
                <![CDATA[India]]>
              </value>
            </param>
            <param index="5">
              <value>
                <![CDATA[Kolkata]]>
              </value>
            </param>
            <param index="6">
              <value>
                <![CDATA[90]]>
              </value>
            </param>
          </params>
          <reporter-output>
          </reporter-output>
        </test-method> <!-- verifyApplicationSignUp -->
        <test-method is-config="true" signature="teardownBrowser()[pri:0, instance:com.creatio.crm.application.tests.ApplicationTest@1d296da]" started-at="2026-08-13T01:57:44 IST" name="teardownBrowser" finished-at="2026-08-13T01:57:44 IST" duration-ms="251" status="PASS">
          <reporter-output>
          </reporter-output>
        </test-method> <!-- teardownBrowser -->
        <test-method is-config="true" signature="setupBrowser(java.lang.String)[pri:0, instance:com.creatio.crm.application.tests.ApplicationTest@1d296da]" started-at="2026-08-13T01:57:44 IST" name="setupBrowser" finished-at="2026-08-13T01:57:45 IST" duration-ms="907" status="PASS">
          <params>
            <param index="0">
              <value>
                <![CDATA[Chrome]]>
              </value>
            </param>
          </params>
          <reporter-output>
          </reporter-output>
        </test-method> <!-- setupBrowser -->
        <test-method is-config="true" signature="initDriver()[pri:0, instance:com.creatio.crm.application.tests.ApplicationTest@1d296da]" started-at="2026-08-13T01:57:45 IST" name="initDriver" finished-at="2026-08-13T01:57:45 IST" depends-on-methods="com.creatio.crm.framework.base.BasePage.setupBrowser" duration-ms="5" status="PASS">
          <reporter-output>
          </reporter-output>
        </test-method> <!-- initDriver -->
        <test-method signature="verifySuccessulApplicationLogin(java.lang.String,java.lang.String)[pri:7, instance:com.creatio.crm.application.tests.ApplicationTest@1d296da]" started-at="2026-08-13T01:57:45 IST" name="verifySuccessulApplicationLogin" description="Verify Successful Application Login " data-provider="Excel_data" finished-at="2026-08-13T01:58:35 IST" depends-on-methods="com.creatio.crm.application.tests.ApplicationTest.verifyLoginPageUI" duration-ms="50126" status="PASS">
          <params>
            <param index="0">
              <value>
                <![CDATA[somanjan1606@gmail.com]]>
              </value>
            </param>
            <param index="1">
              <value>
                <![CDATA[Sp@369stark]]>
              </value>
            </param>
          </params>
          <reporter-output>
          </reporter-output>
        </test-method> <!-- verifySuccessulApplicationLogin -->
        <test-method is-config="true" signature="teardownBrowser()[pri:0, instance:com.creatio.crm.application.tests.ApplicationTest@1d296da]" started-at="2026-08-13T01:58:35 IST" name="teardownBrowser" finished-at="2026-08-13T01:58:35 IST" duration-ms="288" status="PASS">
          <reporter-output>
          </reporter-output>
        </test-method> <!-- teardownBrowser -->
        <test-method is-config="true" signature="setupBrowser(java.lang.String)[pri:0, instance:com.creatio.crm.application.tests.ApplicationTest@1d296da]" started-at="2026-08-13T01:58:35 IST" name="setupBrowser" finished-at="2026-08-13T01:58:36 IST" duration-ms="900" status="PASS">
          <params>
            <param index="0">
              <value>
                <![CDATA[Chrome]]>
              </value>
            </param>
          </params>
          <reporter-output>
          </reporter-output>
        </test-method> <!-- setupBrowser -->
        <test-method is-config="true" signature="initDriver()[pri:0, instance:com.creatio.crm.application.tests.ApplicationTest@1d296da]" started-at="2026-08-13T01:58:36 IST" name="initDriver" finished-at="2026-08-13T01:58:36 IST" depends-on-methods="com.creatio.crm.framework.base.BasePage.setupBrowser" duration-ms="3" status="PASS">
          <reporter-output>
          </reporter-output>
        </test-method> <!-- initDriver -->
        <test-method signature="verifyInvalidApplicationLogin(java.lang.String,java.lang.String)[pri:8, instance:com.creatio.crm.application.tests.ApplicationTest@1d296da]" started-at="2026-08-13T01:58:36 IST" name="verifyInvalidApplicationLogin" description="Verify Invalid Application Login " data-provider="Excel_data" finished-at="2026-08-13T01:58:41 IST" depends-on-methods="com.creatio.crm.application.tests.ApplicationTest.verifyLoginPageUI" duration-ms="4948" status="PASS">
          <params>
            <param index="0">
              <value>
                <![CDATA[somanjan1606Invalid@gmail.com]]>
              </value>
            </param>
            <param index="1">
              <value>
                <![CDATA[#Sp369stark_Invalid]]>
              </value>
            </param>
          </params>
          <reporter-output>
          </reporter-output>
        </test-method> <!-- verifyInvalidApplicationLogin -->
        <test-method is-config="true" signature="teardownBrowser()[pri:0, instance:com.creatio.crm.application.tests.ApplicationTest@1d296da]" started-at="2026-08-13T01:58:41 IST" name="teardownBrowser" finished-at="2026-08-13T01:58:41 IST" duration-ms="184" status="PASS">
          <reporter-output>
          </reporter-output>
        </test-method> <!-- teardownBrowser -->
        <test-method is-config="true" signature="setupBrowser(java.lang.String)[pri:0, instance:com.creatio.crm.application.tests.ApplicationTest@1d296da]" started-at="2026-08-13T01:58:41 IST" name="setupBrowser" finished-at="2026-08-13T01:58:42 IST" duration-ms="860" status="PASS">
          <params>
            <param index="0">
              <value>
                <![CDATA[Chrome]]>
              </value>
            </param>
          </params>
          <reporter-output>
          </reporter-output>
        </test-method> <!-- setupBrowser -->
        <test-method is-config="true" signature="initDriver()[pri:0, instance:com.creatio.crm.application.tests.ApplicationTest@1d296da]" started-at="2026-08-13T01:58:42 IST" name="initDriver" finished-at="2026-08-13T01:58:42 IST" depends-on-methods="com.creatio.crm.framework.base.BasePage.setupBrowser" duration-ms="5" status="PASS">
          <reporter-output>
          </reporter-output>
        </test-method> <!-- initDriver -->
        <test-method signature="verifyInvalidApplicationLogin(java.lang.String,java.lang.String)[pri:8, instance:com.creatio.crm.application.tests.ApplicationTest@1d296da]" started-at="2026-08-13T01:58:42 IST" name="verifyInvalidApplicationLogin" description="Verify Invalid Application Login " data-provider="Excel_data" finished-at="2026-08-13T01:58:48 IST" depends-on-methods="com.creatio.crm.application.tests.ApplicationTest.verifyLoginPageUI" duration-ms="5451" status="PASS">
          <params>
            <param index="0">
              <value>
                <![CDATA[somanjan1606Invalid@gmail.com]]>
              </value>
            </param>
            <param index="1">
              <value>
                <![CDATA[#Sp369stark]]>
              </value>
            </param>
          </params>
          <reporter-output>
          </reporter-output>
        </test-method> <!-- verifyInvalidApplicationLogin -->
        <test-method is-config="true" signature="teardownBrowser()[pri:0, instance:com.creatio.crm.application.tests.ApplicationTest@1d296da]" started-at="2026-08-13T01:58:48 IST" name="teardownBrowser" finished-at="2026-08-13T01:58:48 IST" duration-ms="188" status="PASS">
          <reporter-output>
          </reporter-output>
        </test-method> <!-- teardownBrowser -->
        <test-method is-config="true" signature="stopPrinting()[pri:0, instance:com.creatio.crm.application.tests.ApplicationTest@1d296da]" started-at="2026-08-13T01:58:48 IST" name="stopPrinting" finished-at="2026-08-13T01:58:48 IST" duration-ms="283" status="PASS">
          <reporter-output>
          </reporter-output>
        </test-method> <!-- stopPrinting -->
      </class> <!-- com.creatio.crm.application.tests.ApplicationTest -->
    </test> <!-- CreatioCRMChromeTestNGE2E -->
  </suite> <!-- Suite -->
</testng-results>
