<?xml version="1.0" encoding="UTF-8"?>
<testng-results ignored="0" total="9" passed="9" failed="0" skipped="0">
  <reporter-output>
  </reporter-output>
  <suite started-at="2026-08-11T06:42:04 IST" name="Suite" finished-at="2026-08-11T06:45:38 IST" duration-ms="213817">
    <groups>
    </groups>
    <test started-at="2026-08-11T06:42:04 IST" name="CreatioCRMChromeTestNGE2E" finished-at="2026-08-11T06:45:38 IST" duration-ms="213817">
      <class name="com.creatio.crm.application.tests.ApplicationTest">
        <test-method is-config="true" signature="setupPrinting(java.lang.String)[pri:0, instance:com.creatio.crm.application.tests.ApplicationTest@557caf28]" started-at="2026-08-11T06:42:04 IST" name="setupPrinting" finished-at="2026-08-11T06:42:04 IST" duration-ms="242" status="PASS">
          <params>
            <param index="0">
              <value>
                <![CDATA[CreatioCRMChromeTestNGE2E.html]]>
              </value>
            </param>
          </params>
          <reporter-output>
          </reporter-output>
        </test-method> <!-- setupPrinting -->
        <test-method is-config="true" signature="setupBrowser(java.lang.String)[pri:0, instance:com.creatio.crm.application.tests.ApplicationTest@557caf28]" started-at="2026-08-11T06:42:04 IST" name="setupBrowser" finished-at="2026-08-11T06:42:06 IST" duration-ms="2105" status="PASS">
          <params>
            <param index="0">
              <value>
                <![CDATA[Chrome]]>
              </value>
            </param>
          </params>
          <reporter-output>
          </reporter-output>
        </test-method> <!-- setupBrowser -->
        <test-method is-config="true" signature="initDriver()[pri:0, instance:com.creatio.crm.application.tests.ApplicationTest@557caf28]" started-at="2026-08-11T06:42:06 IST" name="initDriver" finished-at="2026-08-11T06:42:06 IST" depends-on-methods="com.creatio.crm.framework.base.BasePage.setupBrowser" duration-ms="58" status="PASS">
          <reporter-output>
          </reporter-output>
        </test-method> <!-- initDriver -->
        <test-method signature="verifyLoginPageUI()[pri:1, instance:com.creatio.crm.application.tests.ApplicationTest@557caf28]" started-at="2026-08-11T06:42:06 IST" name="verifyLoginPageUI" description="Verify Login page default UI elements and headers" finished-at="2026-08-11T06:42:12 IST" duration-ms="6051" status="PASS">
          <reporter-output>
          </reporter-output>
        </test-method> <!-- verifyLoginPageUI -->
        <test-method is-config="true" signature="teardownBrowser()[pri:0, instance:com.creatio.crm.application.tests.ApplicationTest@557caf28]" started-at="2026-08-11T06:42:12 IST" name="teardownBrowser" finished-at="2026-08-11T06:42:13 IST" duration-ms="251" status="PASS">
          <reporter-output>
          </reporter-output>
        </test-method> <!-- teardownBrowser -->
        <test-method is-config="true" signature="setupBrowser(java.lang.String)[pri:0, instance:com.creatio.crm.application.tests.ApplicationTest@557caf28]" started-at="2026-08-11T06:42:13 IST" name="setupBrowser" finished-at="2026-08-11T06:42:14 IST" duration-ms="1392" status="PASS">
          <params>
            <param index="0">
              <value>
                <![CDATA[Chrome]]>
              </value>
            </param>
          </params>
          <reporter-output>
          </reporter-output>
        </test-method> <!-- setupBrowser -->
        <test-method is-config="true" signature="initDriver()[pri:0, instance:com.creatio.crm.application.tests.ApplicationTest@557caf28]" started-at="2026-08-11T06:42:14 IST" name="initDriver" finished-at="2026-08-11T06:42:14 IST" depends-on-methods="com.creatio.crm.framework.base.BasePage.setupBrowser" duration-ms="8" status="PASS">
          <reporter-output>
          </reporter-output>
        </test-method> <!-- initDriver -->
        <test-method signature="verifyCookieDialogContentAndTabs()[pri:2, instance:com.creatio.crm.application.tests.ApplicationTest@557caf28]" started-at="2026-08-11T06:42:14 IST" name="verifyCookieDialogContentAndTabs" description="Verify Cookie dialog content, details, and tabs" finished-at="2026-08-11T06:42:19 IST" duration-ms="5251" status="PASS">
          <reporter-output>
          </reporter-output>
        </test-method> <!-- verifyCookieDialogContentAndTabs -->
        <test-method is-config="true" signature="teardownBrowser()[pri:0, instance:com.creatio.crm.application.tests.ApplicationTest@557caf28]" started-at="2026-08-11T06:42:19 IST" name="teardownBrowser" finished-at="2026-08-11T06:42:19 IST" duration-ms="209" status="PASS">
          <reporter-output>
          </reporter-output>
        </test-method> <!-- teardownBrowser -->
        <test-method is-config="true" signature="setupBrowser(java.lang.String)[pri:0, instance:com.creatio.crm.application.tests.ApplicationTest@557caf28]" started-at="2026-08-11T06:42:19 IST" name="setupBrowser" finished-at="2026-08-11T06:42:21 IST" duration-ms="1312" status="PASS">
          <params>
            <param index="0">
              <value>
                <![CDATA[Chrome]]>
              </value>
            </param>
          </params>
          <reporter-output>
          </reporter-output>
        </test-method> <!-- setupBrowser -->
        <test-method is-config="true" signature="initDriver()[pri:0, instance:com.creatio.crm.application.tests.ApplicationTest@557caf28]" started-at="2026-08-11T06:42:21 IST" name="initDriver" finished-at="2026-08-11T06:42:21 IST" depends-on-methods="com.creatio.crm.framework.base.BasePage.setupBrowser" duration-ms="8" status="PASS">
          <reporter-output>
          </reporter-output>
        </test-method> <!-- initDriver -->
        <test-method signature="verifyCookiePopUpAndPrivacyPolicyNavigation()[pri:3, instance:com.creatio.crm.application.tests.ApplicationTest@557caf28]" started-at="2026-08-11T06:42:21 IST" name="verifyCookiePopUpAndPrivacyPolicyNavigation" description="Verify Privacy Policy navigation from Cookie dialog" finished-at="2026-08-11T06:42:36 IST" depends-on-methods="com.creatio.crm.application.tests.ApplicationTest.verifyLoginPageUI, com.creatio.crm.application.tests.ApplicationTest.verifyCookieDialogContentAndTabs" duration-ms="15705" status="PASS">
          <reporter-output>
          </reporter-output>
        </test-method> <!-- verifyCookiePopUpAndPrivacyPolicyNavigation -->
        <test-method is-config="true" signature="teardownBrowser()[pri:0, instance:com.creatio.crm.application.tests.ApplicationTest@557caf28]" started-at="2026-08-11T06:42:36 IST" name="teardownBrowser" finished-at="2026-08-11T06:42:37 IST" duration-ms="233" status="PASS">
          <reporter-output>
          </reporter-output>
        </test-method> <!-- teardownBrowser -->
        <test-method is-config="true" signature="setupBrowser(java.lang.String)[pri:0, instance:com.creatio.crm.application.tests.ApplicationTest@557caf28]" started-at="2026-08-11T06:42:37 IST" name="setupBrowser" finished-at="2026-08-11T06:42:38 IST" duration-ms="1295" status="PASS">
          <params>
            <param index="0">
              <value>
                <![CDATA[Chrome]]>
              </value>
            </param>
          </params>
          <reporter-output>
          </reporter-output>
        </test-method> <!-- setupBrowser -->
        <test-method is-config="true" signature="initDriver()[pri:0, instance:com.creatio.crm.application.tests.ApplicationTest@557caf28]" started-at="2026-08-11T06:42:38 IST" name="initDriver" finished-at="2026-08-11T06:42:38 IST" depends-on-methods="com.creatio.crm.framework.base.BasePage.setupBrowser" duration-ms="5" status="PASS">
          <reporter-output>
          </reporter-output>
        </test-method> <!-- initDriver -->
        <test-method signature="verifyPasswordRecoveryNavigation()[pri:4, instance:com.creatio.crm.application.tests.ApplicationTest@557caf28]" started-at="2026-08-11T06:42:38 IST" name="verifyPasswordRecoveryNavigation" description="Verify Password Recovery page functionality" finished-at="2026-08-11T06:42:46 IST" duration-ms="7614" status="PASS">
          <reporter-output>
          </reporter-output>
        </test-method> <!-- verifyPasswordRecoveryNavigation -->
        <test-method is-config="true" signature="teardownBrowser()[pri:0, instance:com.creatio.crm.application.tests.ApplicationTest@557caf28]" started-at="2026-08-11T06:42:46 IST" name="teardownBrowser" finished-at="2026-08-11T06:42:46 IST" duration-ms="193" status="PASS">
          <reporter-output>
          </reporter-output>
        </test-method> <!-- teardownBrowser -->
        <test-method is-config="true" signature="setupBrowser(java.lang.String)[pri:0, instance:com.creatio.crm.application.tests.ApplicationTest@557caf28]" started-at="2026-08-11T06:42:46 IST" name="setupBrowser" finished-at="2026-08-11T06:42:47 IST" duration-ms="1292" status="PASS">
          <params>
            <param index="0">
              <value>
                <![CDATA[Chrome]]>
              </value>
            </param>
          </params>
          <reporter-output>
          </reporter-output>
        </test-method> <!-- setupBrowser -->
        <test-method is-config="true" signature="initDriver()[pri:0, instance:com.creatio.crm.application.tests.ApplicationTest@557caf28]" started-at="2026-08-11T06:42:47 IST" name="initDriver" finished-at="2026-08-11T06:42:47 IST" depends-on-methods="com.creatio.crm.framework.base.BasePage.setupBrowser" duration-ms="5" status="PASS">
          <reporter-output>
          </reporter-output>
        </test-method> <!-- initDriver -->
        <test-method signature="verifyCookiesPopupDismissWhenUserAcceptCookies()[pri:5, instance:com.creatio.crm.application.tests.ApplicationTest@557caf28]" started-at="2026-08-11T06:42:47 IST" name="verifyCookiesPopupDismissWhenUserAcceptCookies" description="Verify Cookie pop-up disappears upon accepting cookies" finished-at="2026-08-11T06:42:54 IST" duration-ms="6527" status="PASS">
          <reporter-output>
          </reporter-output>
        </test-method> <!-- verifyCookiesPopupDismissWhenUserAcceptCookies -->
        <test-method is-config="true" signature="teardownBrowser()[pri:0, instance:com.creatio.crm.application.tests.ApplicationTest@557caf28]" started-at="2026-08-11T06:42:54 IST" name="teardownBrowser" finished-at="2026-08-11T06:42:54 IST" duration-ms="236" status="PASS">
          <reporter-output>
          </reporter-output>
        </test-method> <!-- teardownBrowser -->
        <test-method is-config="true" signature="setupBrowser(java.lang.String)[pri:0, instance:com.creatio.crm.application.tests.ApplicationTest@557caf28]" started-at="2026-08-11T06:42:55 IST" name="setupBrowser" finished-at="2026-08-11T06:42:56 IST" duration-ms="1349" status="PASS">
          <params>
            <param index="0">
              <value>
                <![CDATA[Chrome]]>
              </value>
            </param>
          </params>
          <reporter-output>
          </reporter-output>
        </test-method> <!-- setupBrowser -->
        <test-method is-config="true" signature="initDriver()[pri:0, instance:com.creatio.crm.application.tests.ApplicationTest@557caf28]" started-at="2026-08-11T06:42:56 IST" name="initDriver" finished-at="2026-08-11T06:42:56 IST" depends-on-methods="com.creatio.crm.framework.base.BasePage.setupBrowser" duration-ms="5" status="PASS">
          <reporter-output>
          </reporter-output>
        </test-method> <!-- initDriver -->
        <test-method signature="verifyApplicationSignUp(java.lang.String,java.lang.String,java.lang.String,java.lang.String,java.lang.String,java.lang.String,java.lang.String)[pri:6, instance:com.creatio.crm.application.tests.ApplicationTest@557caf28]" started-at="2026-08-11T06:42:56 IST" name="verifyApplicationSignUp" description="Verify Application Sign Up" data-provider="Excel_data" finished-at="2026-08-11T06:43:10 IST" depends-on-methods="com.creatio.crm.application.tests.ApplicationTest.verifyLoginPageUI" duration-ms="14102" status="PASS">
          <params>
            <param index="0">
              <value>
                <![CDATA[Somanjan Pramanik]]>
              </value>
            </param>
            <param index="1">
              <value>
                <![CDATA[#Sp359stark]]>
              </value>
            </param>
            <param index="2">
              <value>
                <![CDATA[somanjan@gmail.com]]>
              </value>
            </param>
            <param index="3">
              <value>
                <![CDATA[sp369]]>
              </value>
            </param>
            <param index="4">
              <value>
                <![CDATA[India]]>
              </value>
            </param>
            <param index="5">
              <value>
                <![CDATA[Kolkata]]>
              </value>
            </param>
            <param index="6">
              <value>
                <![CDATA[90]]>
              </value>
            </param>
          </params>
          <reporter-output>
          </reporter-output>
        </test-method> <!-- verifyApplicationSignUp -->
        <test-method is-config="true" signature="teardownBrowser()[pri:0, instance:com.creatio.crm.application.tests.ApplicationTest@557caf28]" started-at="2026-08-11T06:43:10 IST" name="teardownBrowser" finished-at="2026-08-11T06:43:10 IST" duration-ms="252" status="PASS">
          <reporter-output>
          </reporter-output>
        </test-method> <!-- teardownBrowser -->
        <test-method is-config="true" signature="setupBrowser(java.lang.String)[pri:0, instance:com.creatio.crm.application.tests.ApplicationTest@557caf28]" started-at="2026-08-11T06:43:10 IST" name="setupBrowser" finished-at="2026-08-11T06:43:12 IST" duration-ms="1294" status="PASS">
          <params>
            <param index="0">
              <value>
                <![CDATA[Chrome]]>
              </value>
            </param>
          </params>
          <reporter-output>
          </reporter-output>
        </test-method> <!-- setupBrowser -->
        <test-method is-config="true" signature="initDriver()[pri:0, instance:com.creatio.crm.application.tests.ApplicationTest@557caf28]" started-at="2026-08-11T06:43:12 IST" name="initDriver" finished-at="2026-08-11T06:43:12 IST" depends-on-methods="com.creatio.crm.framework.base.BasePage.setupBrowser" duration-ms="4" status="PASS">
          <reporter-output>
          </reporter-output>
        </test-method> <!-- initDriver -->
        <test-method signature="verifyApplicationLogin(java.lang.String,java.lang.String)[pri:7, instance:com.creatio.crm.application.tests.ApplicationTest@557caf28]" started-at="2026-08-11T06:43:12 IST" name="verifyApplicationLogin" description="Verify Application Login " data-provider="Excel_data" finished-at="2026-08-11T06:45:18 IST" depends-on-methods="com.creatio.crm.application.tests.ApplicationTest.verifyLoginPageUI" duration-ms="126740" status="PASS">
          <params>
            <param index="0">
              <value>
                <![CDATA[somanjan1606@gmail.com]]>
              </value>
            </param>
            <param index="1">
              <value>
                <![CDATA[#Sp369stark]]>
              </value>
            </param>
          </params>
          <reporter-output>
          </reporter-output>
        </test-method> <!-- verifyApplicationLogin -->
        <test-method is-config="true" signature="teardownBrowser()[pri:0, instance:com.creatio.crm.application.tests.ApplicationTest@557caf28]" started-at="2026-08-11T06:45:18 IST" name="teardownBrowser" finished-at="2026-08-11T06:45:19 IST" duration-ms="286" status="PASS">
          <reporter-output>
          </reporter-output>
        </test-method> <!-- teardownBrowser -->
        <test-method is-config="true" signature="setupBrowser(java.lang.String)[pri:0, instance:com.creatio.crm.application.tests.ApplicationTest@557caf28]" started-at="2026-08-11T06:45:19 IST" name="setupBrowser" finished-at="2026-08-11T06:45:20 IST" duration-ms="1366" status="PASS">
          <params>
            <param index="0">
              <value>
                <![CDATA[Chrome]]>
              </value>
            </param>
          </params>
          <reporter-output>
          </reporter-output>
        </test-method> <!-- setupBrowser -->
        <test-method is-config="true" signature="initDriver()[pri:0, instance:com.creatio.crm.application.tests.ApplicationTest@557caf28]" started-at="2026-08-11T06:45:20 IST" name="initDriver" finished-at="2026-08-11T06:45:20 IST" depends-on-methods="com.creatio.crm.framework.base.BasePage.setupBrowser" duration-ms="3" status="PASS">
          <reporter-output>
          </reporter-output>
        </test-method> <!-- initDriver -->
        <test-method signature="verifyApplicationLogin(java.lang.String,java.lang.String)[pri:7, instance:com.creatio.crm.application.tests.ApplicationTest@557caf28]" started-at="2026-08-11T06:45:20 IST" name="verifyApplicationLogin" description="Verify Application Login " data-provider="Excel_data" finished-at="2026-08-11T06:45:31 IST" depends-on-methods="com.creatio.crm.application.tests.ApplicationTest.verifyLoginPageUI" duration-ms="11291" status="PASS">
          <params>
            <param index="0">
              <value>
                <![CDATA[somanjan1606Invalid@gmail.com]]>
              </value>
            </param>
            <param index="1">
              <value>
                <![CDATA[#Sp369stark_Invalid]]>
              </value>
            </param>
          </params>
          <reporter-output>
          </reporter-output>
        </test-method> <!-- verifyApplicationLogin -->
        <test-method is-config="true" signature="teardownBrowser()[pri:0, instance:com.creatio.crm.application.tests.ApplicationTest@557caf28]" started-at="2026-08-11T06:45:31 IST" name="teardownBrowser" finished-at="2026-08-11T06:45:32 IST" duration-ms="196" status="PASS">
          <reporter-output>
          </reporter-output>
        </test-method> <!-- teardownBrowser -->
        <test-method is-config="true" signature="setupBrowser(java.lang.String)[pri:0, instance:com.creatio.crm.application.tests.ApplicationTest@557caf28]" started-at="2026-08-11T06:45:32 IST" name="setupBrowser" finished-at="2026-08-11T06:45:33 IST" duration-ms="1361" status="PASS">
          <params>
            <param index="0">
              <value>
                <![CDATA[Chrome]]>
              </value>
            </param>
          </params>
          <reporter-output>
          </reporter-output>
        </test-method> <!-- setupBrowser -->
        <test-method is-config="true" signature="initDriver()[pri:0, instance:com.creatio.crm.application.tests.ApplicationTest@557caf28]" started-at="2026-08-11T06:45:33 IST" name="initDriver" finished-at="2026-08-11T06:45:33 IST" depends-on-methods="com.creatio.crm.framework.base.BasePage.setupBrowser" duration-ms="5" status="PASS">
          <reporter-output>
          </reporter-output>
        </test-method> <!-- initDriver -->
        <test-method signature="verifyApplicationLogin(java.lang.String,java.lang.String)[pri:7, instance:com.creatio.crm.application.tests.ApplicationTest@557caf28]" started-at="2026-08-11T06:45:33 IST" name="verifyApplicationLogin" description="Verify Application Login " data-provider="Excel_data" finished-at="2026-08-11T06:45:38 IST" depends-on-methods="com.creatio.crm.application.tests.ApplicationTest.verifyLoginPageUI" duration-ms="4802" status="PASS">
          <params>
            <param index="0">
              <value>
                <![CDATA[somanjan1606Invalid@gmail.com]]>
              </value>
            </param>
            <param index="1">
              <value>
                <![CDATA[#Sp369stark]]>
              </value>
            </param>
          </params>
          <reporter-output>
          </reporter-output>
        </test-method> <!-- verifyApplicationLogin -->
        <test-method is-config="true" signature="teardownBrowser()[pri:0, instance:com.creatio.crm.application.tests.ApplicationTest@557caf28]" started-at="2026-08-11T06:45:38 IST" name="teardownBrowser" finished-at="2026-08-11T06:45:38 IST" duration-ms="202" status="PASS">
          <reporter-output>
          </reporter-output>
        </test-method> <!-- teardownBrowser -->
        <test-method is-config="true" signature="stopPrinting()[pri:0, instance:com.creatio.crm.application.tests.ApplicationTest@557caf28]" started-at="2026-08-11T06:45:38 IST" name="stopPrinting" finished-at="2026-08-11T06:45:38 IST" duration-ms="260" status="PASS">
          <reporter-output>
          </reporter-output>
        </test-method> <!-- stopPrinting -->
      </class> <!-- com.creatio.crm.application.tests.ApplicationTest -->
    </test> <!-- CreatioCRMChromeTestNGE2E -->
  </suite> <!-- Suite -->
</testng-results>
