<?xml version="1.0" encoding="UTF-8"?>
<!-- Generated by org.testng.reporters.JUnitReportReporter -->
<testsuite hostname="SomanjanPC" failures="0" tests="9" name="com.creatio.crm.api.tests.RepositoryApiTest" time="12.929" errors="0" timestamp="2026-08-20T14:26:41 IST" skipped="0">
  <testcase classname="com.creatio.crm.api.tests.RepositoryApiTest" name="verifyNoRepositoryBeforeCreatingForAuthenticatedUser" time="2.776"/>
  <testcase classname="com.creatio.crm.api.tests.RepositoryApiTest" name="verifyForCreatingRepositoryForAuthenticatedUser" time="2.888"/>
  <testcase classname="com.creatio.crm.api.tests.RepositoryApiTest" name="verifyForCreatingDuplicateRepositoryForAuthenticatedUser" time="0.766"/>
  <testcase classname="com.creatio.crm.api.tests.RepositoryApiTest" name="verifyForCreatingRepositoryForUnauthenticatedUser" time="0.605"/>
  <testcase classname="com.creatio.crm.api.tests.RepositoryApiTest" name="verifyGettingRepositoryWhichExistsForAuthenticatedUser" time="0.696"/>
  <testcase classname="com.creatio.crm.api.tests.RepositoryApiTest" name="verifyUpdatingVisibilityToPublic" time="0.645"/>
  <testcase classname="com.creatio.crm.api.tests.RepositoryApiTest" name="verifyUpdatingNameAndDescription" time="0.983"/>
  <testcase classname="com.creatio.crm.api.tests.RepositoryApiTest" name="verifyGettingRenamedRepository" time="0.645"/>
  <testcase classname="com.creatio.crm.api.tests.RepositoryApiTest" name="verifyDeletingRepositoryForAuthenticatedUser" time="2.925"/>
</testsuite> <!-- com.creatio.crm.api.tests.RepositoryApiTest -->
