<?xml version="1.0" encoding="UTF-8"?>
<!-- Generated by org.testng.reporters.JUnitReportReporter -->
<testsuite hostname="SomanjanPC" failures="0" tests="9" name="com.creatio.crm.application.tests.ApplicationTest" time="117.346" errors="0" timestamp="2026-08-13T01:58:48 IST" skipped="0">
  <testcase classname="com.creatio.crm.application.tests.ApplicationTest" name="verifyLoginPageUI" time="3.694"/>
  <testcase classname="com.creatio.crm.application.tests.ApplicationTest" name="verifyCookieDialogContentAndTabs" time="3.708"/>
  <testcase classname="com.creatio.crm.application.tests.ApplicationTest" name="verifyCookiePopUpAndPrivacyPolicyNavigation" time="8.938"/>
  <testcase classname="com.creatio.crm.application.tests.ApplicationTest" name="verifyPasswordRecoveryNavigation" time="4.030"/>
  <testcase classname="com.creatio.crm.application.tests.ApplicationTest" name="verifyCookiesPopupDismissWhenUserAcceptCookies" time="4.836"/>
  <testcase classname="com.creatio.crm.application.tests.ApplicationTest" name="verifyApplicationSignUp" time="28.223"/>
  <testcase classname="com.creatio.crm.application.tests.ApplicationTest" name="verifySuccessulApplicationLogin" time="51.277"/>
  <testcase classname="com.creatio.crm.application.tests.ApplicationTest" name="verifyInvalidApplicationLogin" time="6.636"/>
  <testcase classname="com.creatio.crm.application.tests.ApplicationTest" name="verifyInvalidApplicationLogin" time="6.004"/>
</testsuite> <!-- com.creatio.crm.application.tests.ApplicationTest -->
